The target system is: Generic - 3.2.99 - arm
The host system is: Darwin - 24.4.0 - arm64
Compiling the C compiler identification source file "CMakeCCompilerId.c" succeeded.
Compiler: /opt/nordic/ncs/toolchains/v2.3.0/opt/zephyr-sdk/arm-zephyr-eabi/bin/arm-zephyr-eabi-gcc 
Build flags: 
Id flags: -c 

The output was:
0


Compilation of the C compiler identification source "CMakeCCompilerId.c" produced "CMakeCCompilerId.o"

The C compiler identification is GNU, found in "/Users/wang/nRF_all/25_object/V_2025_03/build/CMakeFiles/3.20.5/CompilerIdC/CMakeCCompilerId.o"

Compiling the CXX compiler identification source file "CMakeCXXCompilerId.cpp" succeeded.
Compiler: /opt/nordic/ncs/toolchains/v2.3.0/opt/zephyr-sdk/arm-zephyr-eabi/bin/arm-zephyr-eabi-g++ 
Build flags: 
Id flags: -c 

The output was:
0


Compilation of the CXX compiler identification source "CMakeCXXCompilerId.cpp" produced "CMakeCXXCompilerId.o"

The CXX compiler identification is GNU, found in "/Users/wang/nRF_all/25_object/V_2025_03/build/CMakeFiles/3.20.5/CompilerIdCXX/CMakeCXXCompilerId.o"

Checking whether the ASM compiler is GNU using "--version" matched "(GNU assembler)|(GCC)|(Free Software Foundation)":
arm-zephyr-eabi-gcc (Zephyr SDK 0.15.2) 12.1.0
Copyright (C) 2022 Free Software Foundation, Inc.
This is free software; see the source for copying conditions.  There is NO
warranty; not even for MERCHANTABILITY or FITNESS FOR A PARTICULAR PURPOSE.

Determining if files stdatomic.h exist passed with the following output:
Change Dir: /Users/wang/nRF_all/25_object/V_2025_03/build/CMakeFiles/CMakeTmp

Run Build Command(s):/opt/nordic/ncs/toolchains/v2.3.0/bin/ninja cmTC_d6a2f && [1/2] Building C object CMakeFiles/cmTC_d6a2f.dir/HAVE_STDATOMIC_H.c.obj
[2/2] Linking C executable cmTC_d6a2f
arm-zephyr-eabi-gcc: warning: CMakeFiles/cmTC_d6a2f.dir/HAVE_STDATOMIC_H.c.obj: linker input file unused because linking not done



Determining if files fcntl.h exist passed with the following output:
Change Dir: /Users/wang/nRF_all/25_object/V_2025_03/build/CMakeFiles/CMakeTmp

Run Build Command(s):/opt/nordic/ncs/toolchains/v2.3.0/bin/ninja cmTC_f3e76 && [1/2] Building C object CMakeFiles/cmTC_f3e76.dir/HAVE_FCNTL_H.c.obj
[2/2] Linking C executable cmTC_f3e76
arm-zephyr-eabi-gcc: warning: CMakeFiles/cmTC_f3e76.dir/HAVE_FCNTL_H.c.obj: linker input file unused because linking not done



